# Logfile created on 2014-05-30 02:09:24 +0800 by logger.rb/44203
I, [2014-05-30T02:09:24.414571 #43458]  INFO -- : 0:  rake (0.9.6) from /home/ben/.rvm/gems/ruby-2.1.0@blog/specifications/rake-0.9.6.gemspec
I, [2014-05-30T02:09:26.825546 #43458]  INFO -- : 0:  RedCloth (4.2.9) from /home/ben/.rvm/gems/ruby-2.1.0@blog/specifications/RedCloth-4.2.9.gemspec
I, [2014-05-30T02:09:27.479476 #43458]  INFO -- : 0:  chunky_png (1.3.1) from /home/ben/.rvm/gems/ruby-2.1.0@blog/specifications/chunky_png-1.3.1.gemspec
I, [2014-05-30T02:09:28.248742 #43458]  INFO -- : 0:  fast-stemmer (1.0.2) from /home/ben/.rvm/gems/ruby-2.1.0@blog/specifications/fast-stemmer-1.0.2.gemspec
I, [2014-05-30T02:09:28.502073 #43458]  INFO -- : 0:  classifier (1.3.4) from /home/ben/.rvm/gems/ruby-2.1.0@blog/specifications/classifier-1.3.4.gemspec
I, [2014-05-30T02:09:28.726913 #43458]  INFO -- : 0:  fssm (0.2.10) from /home/ben/.rvm/gems/ruby-2.1.0@blog/specifications/fssm-0.2.10.gemspec
I, [2014-05-30T02:09:29.381566 #43458]  INFO -- : 0:  sass (3.2.19) from /home/ben/.rvm/gems/ruby-2.1.0@blog/specifications/sass-3.2.19.gemspec
I, [2014-05-30T02:09:30.972434 #43458]  INFO -- : 0:  compass (0.12.6) from /home/ben/.rvm/gems/ruby-2.1.0@blog/specifications/compass-0.12.6.gemspec
I, [2014-05-30T02:09:31.268745 #43458]  INFO -- : 0:  directory_watcher (1.5.1) from /home/ben/.rvm/gems/ruby-2.1.0@blog/specifications/directory_watcher-1.5.1.gemspec
I, [2014-05-30T02:09:31.963118 #43458]  INFO -- : 0:  haml (3.1.8) from /home/ben/.rvm/gems/ruby-2.1.0@blog/specifications/haml-3.1.8.gemspec
I, [2014-05-30T02:09:33.227333 #43458]  INFO -- : 0:  kramdown (0.14.2) from /home/ben/.rvm/gems/ruby-2.1.0@blog/specifications/kramdown-0.14.2.gemspec
I, [2014-05-30T02:09:33.909020 #43458]  INFO -- : 0:  liquid (2.3.0) from /home/ben/.rvm/gems/ruby-2.1.0@blog/specifications/liquid-2.3.0.gemspec
I, [2014-05-30T02:09:34.336748 #43458]  INFO -- : 0:  maruku (0.7.2) from /home/ben/.rvm/gems/ruby-2.1.0@blog/specifications/maruku-0.7.2.gemspec
I, [2014-05-30T02:09:34.950957 #43458]  INFO -- : 0:  posix-spawn (0.3.8) from /home/ben/.rvm/gems/ruby-2.1.0@blog/specifications/posix-spawn-0.3.8.gemspec
I, [2014-05-30T02:09:37.226765 #43458]  INFO -- : 0:  yajl-ruby (1.1.0) from /home/ben/.rvm/gems/ruby-2.1.0@blog/specifications/yajl-ruby-1.1.0.gemspec
I, [2014-05-30T02:09:39.840269 #43458]  INFO -- : 0:  pygments.rb (0.3.7) from /home/ben/.rvm/gems/ruby-2.1.0@blog/specifications/pygments.rb-0.3.7.gemspec
I, [2014-05-30T02:09:40.234790 #43458]  INFO -- : 0:  jekyll (0.12.1) from /home/ben/.rvm/gems/ruby-2.1.0@blog/specifications/jekyll-0.12.1.gemspec
I, [2014-05-30T02:09:40.718282 #43458]  INFO -- : 0:  jsmin (1.0.1) from /home/ben/.rvm/gems/ruby-2.1.0@blog/specifications/jsmin-1.0.1.gemspec
I, [2014-05-30T02:09:41.205034 #43458]  INFO -- : 0:  rack (1.4.5) from /home/ben/.rvm/gems/ruby-2.1.0@blog/specifications/rack-1.4.5.gemspec
I, [2014-05-30T02:09:41.429206 #43458]  INFO -- : 0:  rack-protection (1.5.3) from /home/ben/.rvm/gems/ruby-2.1.0@blog/specifications/rack-protection-1.5.3.gemspec
I, [2014-05-30T02:09:41.983278 #43458]  INFO -- : 0:  rake-minify (0.4.0) from /home/ben/.rvm/gems/ruby-2.1.0@blog/specifications/rake-minify-0.4.0.gemspec
I, [2014-05-30T02:09:42.316070 #43458]  INFO -- : 0:  rb-fsevent (0.9.4) from /home/ben/.rvm/gems/ruby-2.1.0@blog/specifications/rb-fsevent-0.9.4.gemspec
I, [2014-05-30T02:09:46.584173 #43458]  INFO -- : 0:  rdiscount (1.6.8) from /home/ben/.rvm/gems/ruby-2.1.0@blog/specifications/rdiscount-1.6.8.gemspec
I, [2014-05-30T02:09:47.371109 #43458]  INFO -- : 0:  rubypants (0.2.0) from /home/ben/.rvm/gems/ruby-2.1.0@blog/specifications/rubypants-0.2.0.gemspec
I, [2014-05-30T02:09:47.804228 #43458]  INFO -- : 0:  sass-globbing (1.0.0) from /home/ben/.rvm/gems/ruby-2.1.0@blog/specifications/sass-globbing-1.0.0.gemspec
I, [2014-05-30T02:09:48.095237 #43458]  INFO -- : 0:  tilt (1.4.1) from /home/ben/.rvm/gems/ruby-2.1.0@blog/specifications/tilt-1.4.1.gemspec
I, [2014-05-30T02:09:48.631027 #43458]  INFO -- : 0:  sinatra (1.3.6) from /home/ben/.rvm/gems/ruby-2.1.0@blog/specifications/sinatra-1.3.6.gemspec
I, [2014-05-30T02:09:49.012781 #43458]  INFO -- : 0:  stringex (1.4.0) from /home/ben/.rvm/gems/ruby-2.1.0@blog/specifications/stringex-1.4.0.gemspec
I, [2014-05-30T02:09:49.013442 #43458]  INFO -- : 0:  bundler (1.5.1) from /home/ben/.rvm/gems/ruby-2.1.0@global/specifications/bundler-1.5.1.gemspec
